<?xml version="1.0" encoding="UTF-8"?>
<testsuite xmlns:xsi="http://www.w3.org/2001/XMLSchema-instance" xsi:schemaLocation="https://maven.apache.org/surefire/maven-surefire-plugin/xsd/surefire-test-report.xsd" name="runner.TestRunner" time="12.22" tests="1" errors="0" skipped="0" failures="1">
  <properties>
[...]
</properties>
  <testcase name="feature" classname="runner.TestRunner" time="1.778">
    <failure message="org.openqa.selenium.SessionNotCreatedException: session not created: This version of ChromeDriver only supports Chrome version 77&#10;Build info: version: &apos;3.141.59&apos;, revision: &apos;e82be7d358&apos;, time: &apos;2018-11-14T08:17:03&apos;&#10;System info: host: &apos;Ronaks-MacBook-Pro.local&apos;, ip: &apos;2405:204:38e:e443:70a8:ed68:7e2a:2f0e&apos;, os.name: &apos;Mac OS X&apos;, os.arch: &apos;x86_64&apos;, os.version: &apos;10.14.5&apos;, java.version: &apos;1.8.0_144&apos;&#10;Driver info: driver.version: ChromeDriver&#10;remote stacktrace: 0   chromedriver                        0x000000010b96ef89 chromedriver + 3694473&#10;1   chromedriver                        0x000000010b8fc0a3 chromedriver + 3223715&#10;2   chromedriver                        0x000000010b69b4df chromedriver + 730335&#10;3   chromedriver                        0x000000010b60104b chromedriver + 98379&#10;4   chromedriver                        0x000000010b5fd16a chromedriver + 82282&#10;5   chromedriver                        0x000000010b62aa81 chromedriver + 268929&#10;6   chromedriver                        0x000000010b627dc3 chromedriver + 257475&#10;7   chromedriver                        0x000000010b60317d chromedriver + 106877&#10;8   chromedriver                        0x000000010b604115 chromedriver + 110869&#10;9   chromedriver                        0x000000010b92a14f chromedriver + 3412303&#10;10  chromedriver                        0x000000010b936d6d chromedriver + 3464557&#10;11  chromedriver                        0x000000010b936af8 chromedriver + 3463928&#10;12  chromedriver                        0x000000010b909a29 chromedriver + 3279401&#10;13  chromedriver                        0x000000010b9375c8 chromedriver + 3466696&#10;14  chromedriver                        0x000000010b91e287 chromedriver + 3363463&#10;15  chromedriver                        0x000000010b9554f4 chromedriver + 3589364&#10;16  chromedriver                        0x000000010b974d67 chromedriver + 3718503&#10;17  libsystem_pthread.dylib             0x00007fff5ebf02eb _pthread_body + 126&#10;18  libsystem_pthread.dylib             0x00007fff5ebf3249 _pthread_start + 66&#10;19  libsystem_pthread.dylib             0x00007fff5ebef40d thread_start + 13&#10;" type="cucumber.runtime.CucumberException">cucumber.runtime.CucumberException: 
org.openqa.selenium.SessionNotCreatedException: session not created: This version of ChromeDriver only supports Chrome version 77
Build info: version: '3.141.59', revision: 'e82be7d358', time: '2018-11-14T08:17:03'
System info: host: 'Ronaks-MacBook-Pro.local', ip: '2405:204:38e:e443:70a8:ed68:7e2a:2f0e', os.name: 'Mac OS X', os.arch: 'x86_64', os.version: '10.14.5', java.version: '1.8.0_144'
Driver info: driver.version: ChromeDriver
remote stacktrace: 0   chromedriver                        0x000000010b96ef89 chromedriver + 3694473
1   chromedriver                        0x000000010b8fc0a3 chromedriver + 3223715
2   chromedriver                        0x000000010b69b4df chromedriver + 730335
3   chromedriver                        0x000000010b60104b chromedriver + 98379
4   chromedriver                        0x000000010b5fd16a chromedriver + 82282
5   chromedriver                        0x000000010b62aa81 chromedriver + 268929
6   chromedriver                        0x000000010b627dc3 chromedriver + 257475
7   chromedriver                        0x000000010b60317d chromedriver + 106877
8   chromedriver                        0x000000010b604115 chromedriver + 110869
9   chromedriver                        0x000000010b92a14f chromedriver + 3412303
10  chromedriver                        0x000000010b936d6d chromedriver + 3464557
11  chromedriver                        0x000000010b936af8 chromedriver + 3463928
12  chromedriver                        0x000000010b909a29 chromedriver + 3279401
13  chromedriver                        0x000000010b9375c8 chromedriver + 3466696
14  chromedriver                        0x000000010b91e287 chromedriver + 3363463
15  chromedriver                        0x000000010b9554f4 chromedriver + 3589364
16  chromedriver                        0x000000010b974d67 chromedriver + 3718503
17  libsystem_pthread.dylib             0x00007fff5ebf02eb _pthread_body + 126
18  libsystem_pthread.dylib             0x00007fff5ebf3249 _pthread_start + 66
19  libsystem_pthread.dylib             0x00007fff5ebef40d thread_start + 13

Caused by: org.openqa.selenium.SessionNotCreatedException: 
session not created: This version of ChromeDriver only supports Chrome version 77
Build info: version: '3.141.59', revision: 'e82be7d358', time: '2018-11-14T08:17:03'
System info: host: 'Ronaks-MacBook-Pro.local', ip: '2405:204:38e:e443:70a8:ed68:7e2a:2f0e', os.name: 'Mac OS X', os.arch: 'x86_64', os.version: '10.14.5', java.version: '1.8.0_144'
Driver info: driver.version: ChromeDriver
remote stacktrace: 0   chromedriver                        0x000000010b96ef89 chromedriver + 3694473
1   chromedriver                        0x000000010b8fc0a3 chromedriver + 3223715
2   chromedriver                        0x000000010b69b4df chromedriver + 730335
3   chromedriver                        0x000000010b60104b chromedriver + 98379
4   chromedriver                        0x000000010b5fd16a chromedriver + 82282
5   chromedriver                        0x000000010b62aa81 chromedriver + 268929
6   chromedriver                        0x000000010b627dc3 chromedriver + 257475
7   chromedriver                        0x000000010b60317d chromedriver + 106877
8   chromedriver                        0x000000010b604115 chromedriver + 110869
9   chromedriver                        0x000000010b92a14f chromedriver + 3412303
10  chromedriver                        0x000000010b936d6d chromedriver + 3464557
11  chromedriver                        0x000000010b936af8 chromedriver + 3463928
12  chromedriver                        0x000000010b909a29 chromedriver + 3279401
13  chromedriver                        0x000000010b9375c8 chromedriver + 3466696
14  chromedriver                        0x000000010b91e287 chromedriver + 3363463
15  chromedriver                        0x000000010b9554f4 chromedriver + 3589364
16  chromedriver                        0x000000010b974d67 chromedriver + 3718503
17  libsystem_pthread.dylib             0x00007fff5ebf02eb _pthread_body + 126
18  libsystem_pthread.dylib             0x00007fff5ebf3249 _pthread_start + 66
19  libsystem_pthread.dylib             0x00007fff5ebef40d thread_start + 13

</failure>
    <system-out><![CDATA[Opening the browser : Chrome
]]></system-out>
    <system-err><![CDATA[Starting ChromeDriver 77.0.3865.10 (bc3579f611bbc73331171afe020ec7a45e6ccc55-refs/branch-heads/3865@{#93}) on port 28694
Only local connections are allowed.
Please protect ports used by ChromeDriver and related test frameworks to prevent access by malicious code.
]]></system-err>
  </testcase>
</testsuite>